#-----------------------------------------------------------
# Vivado v2018.3 (64-bit)
# SW Build 2405991 on Thu Dec  6 23:36:41 MST 2018
# IP Build 2404404 on Fri Dec  7 01:43:56 MST 2018
# Start of session at: Thu Aug  8 21:24:21 2019
# Process ID: 3428
# Current directory: /home/users/kawamata/myPrograms/git/Control_Team_MNZ
# Command line: vivado ltica/ltica/ltica.xpr
# Log file: /home/users/kawamata/myPrograms/git/Control_Team_MNZ/vivado.log
# Journal file: /home/users/kawamata/myPrograms/git/Control_Team_MNZ/vivado.jou
#-----------------------------------------------------------
start_gui
open_project ltica/ltica/ltica.xpr
Scanning sources...
Finished scanning sources
INFO: [IP_Flow 19-234] Refreshing IP repositories
INFO: [IP_Flow 19-1704] No user IP repositories specified
INFO: [IP_Flow 19-2313] Loaded Vivado IP repository '/home/cad/xilinx-vivado-2018.3/Vivado/2018.3/data/ip'.
open_project: Time (s): cpu = 00:00:22 ; elapsed = 00:00:14 . Memory (MB): peak = 6552.348 ; gain = 176.945 ; free physical = 8620 ; free virtual = 16975
update_compile_order -fileset sources_1
reset_run synth_1
launch_runs synth_1 -jobs 8
[Thu Aug  8 21:25:16 2019] Launched synth_1...
Run output will be captured here: /home/users/kawamata/myPrograms/git/Control_Team_MNZ/ltica/ltica/ltica.runs/synth_1/runme.log
launch_runs impl_1 -jobs 8
[Thu Aug  8 21:26:28 2019] Launched impl_1...
Run output will be captured here: /home/users/kawamata/myPrograms/git/Control_Team_MNZ/ltica/ltica/ltica.runs/impl_1/runme.log
exit
INFO: [Common 17-206] Exiting Vivado at Thu Aug  8 21:29:14 2019...
