Analysis & Synthesis report for i2c_slave
Sun Aug 18 19:32:47 2019
Quartus Prime Version 18.0.0 Build 614 04/24/2018 SJ Standard Edition


---------------------
; Table of Contents ;
---------------------
  1. Legal Notice
  2. Analysis & Synthesis Summary
  3. Analysis & Synthesis Settings
  4. Parallel Compilation
  5. Analysis & Synthesis Source Files Read
  6. Analysis & Synthesis Resource Usage Summary
  7. Analysis & Synthesis Resource Utilization by Entity
  8. Registers Removed During Synthesis
  9. General Register Statistics
 10. Inverted Register Statistics
 11. Multiplexer Restructuring Statistics (Restructuring Performed)
 12. Port Connectivity Checks: "enc7led:cc0"
 13. Port Connectivity Checks: "enc7led:lst"
 14. Port Connectivity Checks: "enc7led:ad1"
 15. Port Connectivity Checks: "enc7led:ad0"
 16. Post-Synthesis Netlist Statistics for Top Partition
 17. Elapsed Time Per Partition
 18. Analysis & Synthesis Messages



----------------
; Legal Notice ;
----------------
Copyright (C) 2018  Intel Corporation. All rights reserved.
Your use of Intel Corporation's design tools, logic functions 
and other software and tools, and its AMPP partner logic 
functions, and any output files from any of the foregoing 
(including device programming or simulation files), and any 
associated documentation or information are expressly subject 
to the terms and conditions of the Intel Program License 
Subscription Agreement, the Intel Quartus Prime License Agreement,
the Intel FPGA IP License Agreement, or other applicable license
agreement, including, without limitation, that your use is for
the sole purpose of programming logic devices manufactured by
Intel and sold by Intel or its authorized distributors.  Please
refer to the applicable agreement for further details.



+-----------------------------------------------------------------------------------+
; Analysis & Synthesis Summary                                                      ;
+---------------------------------+-------------------------------------------------+
; Analysis & Synthesis Status     ; Successful - Sun Aug 18 19:32:47 2019           ;
; Quartus Prime Version           ; 18.0.0 Build 614 04/24/2018 SJ Standard Edition ;
; Revision Name                   ; i2c_slave                                       ;
; Top-level Entity Name           ; i2c_slave                                       ;
; Family                          ; Cyclone V                                       ;
; Logic utilization (in ALMs)     ; N/A                                             ;
; Total registers                 ; 17                                              ;
; Total pins                      ; 41                                              ;
; Total virtual pins              ; 0                                               ;
; Total block memory bits         ; 0                                               ;
; Total DSP Blocks                ; 0                                               ;
; Total HSSI RX PCSs              ; 0                                               ;
; Total HSSI PMA RX Deserializers ; 0                                               ;
; Total HSSI TX PCSs              ; 0                                               ;
; Total HSSI PMA TX Serializers   ; 0                                               ;
; Total PLLs                      ; 0                                               ;
; Total DLLs                      ; 0                                               ;
+---------------------------------+-------------------------------------------------+


+---------------------------------------------------------------------------------------------------------------------------+
; Analysis & Synthesis Settings                                                                                             ;
+---------------------------------------------------------------------------------+--------------------+--------------------+
; Option                                                                          ; Setting            ; Default Value      ;
+---------------------------------------------------------------------------------+--------------------+--------------------+
; Device                                                                          ; 5CSEMA5F31C6       ;                    ;
; Top-level entity name                                                           ; i2c_slave          ; i2c_slave          ;
; Family name                                                                     ; Cyclone V          ; Cyclone V          ;
; Use smart compilation                                                           ; Off                ; Off                ;
; Enable parallel Assembler and Timing Analyzer during compilation                ; On                 ; On                 ;
; Enable compact report table                                                     ; Off                ; Off                ;
; Restructure Multiplexers                                                        ; Auto               ; Auto               ;
; MLAB Add Timing Constraints For Mixed-Port Feed-Through Mode Setting Don't Care ; Off                ; Off                ;
; Create Debugging Nodes for IP Cores                                             ; Off                ; Off                ;
; Preserve fewer node names                                                       ; On                 ; On                 ;
; Intel FPGA IP Evaluation Mode                                                   ; Enable             ; Enable             ;
; Verilog Version                                                                 ; Verilog_2001       ; Verilog_2001       ;
; VHDL Version                                                                    ; VHDL_1993          ; VHDL_1993          ;
; State Machine Processing                                                        ; Auto               ; Auto               ;
; Safe State Machine                                                              ; Off                ; Off                ;
; Extract Verilog State Machines                                                  ; On                 ; On                 ;
; Extract VHDL State Machines                                                     ; On                 ; On                 ;
; Ignore Verilog initial constructs                                               ; Off                ; Off                ;
; Iteration limit for constant Verilog loops                                      ; 5000               ; 5000               ;
; Iteration limit for non-constant Verilog loops                                  ; 250                ; 250                ;
; Add Pass-Through Logic to Inferred RAMs                                         ; On                 ; On                 ;
; Infer RAMs from Raw Logic                                                       ; On                 ; On                 ;
; Parallel Synthesis                                                              ; On                 ; On                 ;
; DSP Block Balancing                                                             ; Auto               ; Auto               ;
; NOT Gate Push-Back                                                              ; On                 ; On                 ;
; Power-Up Don't Care                                                             ; On                 ; On                 ;
; Remove Redundant Logic Cells                                                    ; Off                ; Off                ;
; Remove Duplicate Registers                                                      ; On                 ; On                 ;
; Ignore CARRY Buffers                                                            ; Off                ; Off                ;
; Ignore CASCADE Buffers                                                          ; Off                ; Off                ;
; Ignore GLOBAL Buffers                                                           ; Off                ; Off                ;
; Ignore ROW GLOBAL Buffers                                                       ; Off                ; Off                ;
; Ignore LCELL Buffers                                                            ; Off                ; Off                ;
; Ignore SOFT Buffers                                                             ; On                 ; On                 ;
; Limit AHDL Integers to 32 Bits                                                  ; Off                ; Off                ;
; Optimization Technique                                                          ; Balanced           ; Balanced           ;
; Carry Chain Length                                                              ; 70                 ; 70                 ;
; Auto Carry Chains                                                               ; On                 ; On                 ;
; Auto Open-Drain Pins                                                            ; On                 ; On                 ;
; Perform WYSIWYG Primitive Resynthesis                                           ; Off                ; Off                ;
; Auto ROM Replacement                                                            ; On                 ; On                 ;
; Auto RAM Replacement                                                            ; On                 ; On                 ;
; Auto DSP Block Replacement                                                      ; On                 ; On                 ;
; Auto Shift Register Replacement                                                 ; Auto               ; Auto               ;
; Allow Shift Register Merging across Hierarchies                                 ; Auto               ; Auto               ;
; Auto Clock Enable Replacement                                                   ; On                 ; On                 ;
; Strict RAM Replacement                                                          ; Off                ; Off                ;
; Allow Synchronous Control Signals                                               ; On                 ; On                 ;
; Force Use of Synchronous Clear Signals                                          ; Off                ; Off                ;
; Auto Resource Sharing                                                           ; Off                ; Off                ;
; Allow Any RAM Size For Recognition                                              ; Off                ; Off                ;
; Allow Any ROM Size For Recognition                                              ; Off                ; Off                ;
; Allow Any Shift Register Size For Recognition                                   ; Off                ; Off                ;
; Use LogicLock Constraints during Resource Balancing                             ; On                 ; On                 ;
; Ignore translate_off and synthesis_off directives                               ; Off                ; Off                ;
; Timing-Driven Synthesis                                                         ; On                 ; On                 ;
; Report Parameter Settings                                                       ; On                 ; On                 ;
; Report Source Assignments                                                       ; On                 ; On                 ;
; Report Connectivity Checks                                                      ; On                 ; On                 ;
; Ignore Maximum Fan-Out Assignments                                              ; Off                ; Off                ;
; Synchronization Register Chain Length                                           ; 3                  ; 3                  ;
; Power Optimization During Synthesis                                             ; Normal compilation ; Normal compilation ;
; HDL message level                                                               ; Level2             ; Level2             ;
; Suppress Register Optimization Related Messages                                 ; Off                ; Off                ;
; Number of Removed Registers Reported in Synthesis Report                        ; 5000               ; 5000               ;
; Number of Swept Nodes Reported in Synthesis Report                              ; 5000               ; 5000               ;
; Number of Inverted Registers Reported in Synthesis Report                       ; 100                ; 100                ;
; Clock MUX Protection                                                            ; On                 ; On                 ;
; Auto Gated Clock Conversion                                                     ; Off                ; Off                ;
; Block Design Naming                                                             ; Auto               ; Auto               ;
; SDC constraint protection                                                       ; Off                ; Off                ;
; Synthesis Effort                                                                ; Auto               ; Auto               ;
; Shift Register Replacement - Allow Asynchronous Clear Signal                    ; On                 ; On                 ;
; Pre-Mapping Resynthesis Optimization                                            ; Off                ; Off                ;
; Analysis & Synthesis Message Level                                              ; Medium             ; Medium             ;
; Disable Register Merging Across Hierarchies                                     ; Auto               ; Auto               ;
; Resource Aware Inference For Block RAM                                          ; On                 ; On                 ;
; Automatic Parallel Synthesis                                                    ; On                 ; On                 ;
; Partial Reconfiguration Bitstream ID                                            ; Off                ; Off                ;
+---------------------------------------------------------------------------------+--------------------+--------------------+


+------------------------------------------+
; Parallel Compilation                     ;
+----------------------------+-------------+
; Processors                 ; Number      ;
+----------------------------+-------------+
; Number detected on machine ; 16          ;
; Maximum allowed            ; 8           ;
;                            ;             ;
; Average used               ; 1.00        ;
; Maximum used               ; 8           ;
;                            ;             ;
; Usage by Processor         ; % Time Used ;
;     Processor 1            ; 100.0%      ;
;     Processor 2            ;   0.0%      ;
;     Processors 3-8         ;   0.0%      ;
+----------------------------+-------------+


+---------------------------------------------------------------------------------------------------------------------------------------------------------------------------+
; Analysis & Synthesis Source Files Read                                                                                                                                    ;
+----------------------------------+-----------------+------------------------------+-----------------------------------------------------------------------------+---------+
; File Name with User-Entered Path ; Used in Netlist ; File Type                    ; File Name with Absolute Path                                                ; Library ;
+----------------------------------+-----------------+------------------------------+-----------------------------------------------------------------------------+---------+
; i2c_slave.sv                     ; yes             ; User SystemVerilog HDL File  ; /home/users/kawamata/myPrograms/git/Control_Team_MNZ/i2c_slave/i2c_slave.sv ;         ;
; enc7led.sv                       ; yes             ; User SystemVerilog HDL File  ; /home/users/kawamata/myPrograms/git/Control_Team_MNZ/i2c_slave/enc7led.sv   ;         ;
+----------------------------------+-----------------+------------------------------+-----------------------------------------------------------------------------+---------+


+---------------------------------------------------------+
; Analysis & Synthesis Resource Usage Summary             ;
+---------------------------------------------+-----------+
; Resource                                    ; Usage     ;
+---------------------------------------------+-----------+
; Estimate of Logic utilization (ALMs needed) ; 44        ;
;                                             ;           ;
; Combinational ALUT usage for logic          ; 71        ;
;     -- 7 input functions                    ; 0         ;
;     -- 6 input functions                    ; 15        ;
;     -- 5 input functions                    ; 13        ;
;     -- 4 input functions                    ; 18        ;
;     -- <=3 input functions                  ; 25        ;
;                                             ;           ;
; Dedicated logic registers                   ; 17        ;
;                                             ;           ;
; I/O pins                                    ; 41        ;
;                                             ;           ;
; Total DSP Blocks                            ; 0         ;
;                                             ;           ;
; Maximum fan-out node                        ; clkcnt[0] ;
; Maximum fan-out                             ; 21        ;
; Total fan-out                               ; 407       ;
; Average fan-out                             ; 2.38      ;
+---------------------------------------------+-----------+


+-------------------------------------------------------------------------------------------------------------------------------------------------------------------------------------------+
; Analysis & Synthesis Resource Utilization by Entity                                                                                                                                       ;
+----------------------------+---------------------+---------------------------+-------------------+------------+------+--------------+------------------------+-------------+--------------+
; Compilation Hierarchy Node ; Combinational ALUTs ; Dedicated Logic Registers ; Block Memory Bits ; DSP Blocks ; Pins ; Virtual Pins ; Full Hierarchy Name    ; Entity Name ; Library Name ;
+----------------------------+---------------------+---------------------------+-------------------+------------+------+--------------+------------------------+-------------+--------------+
; |i2c_slave                 ; 71 (42)             ; 17 (17)                   ; 0                 ; 0          ; 41   ; 0            ; |i2c_slave             ; i2c_slave   ; work         ;
;    |enc7led:ad0|           ; 7 (7)               ; 0 (0)                     ; 0                 ; 0          ; 0    ; 0            ; |i2c_slave|enc7led:ad0 ; enc7led     ; work         ;
;    |enc7led:ad1|           ; 7 (7)               ; 0 (0)                     ; 0                 ; 0          ; 0    ; 0            ; |i2c_slave|enc7led:ad1 ; enc7led     ; work         ;
;    |enc7led:cc0|           ; 8 (8)               ; 0 (0)                     ; 0                 ; 0          ; 0    ; 0            ; |i2c_slave|enc7led:cc0 ; enc7led     ; work         ;
;    |enc7led:lst|           ; 7 (7)               ; 0 (0)                     ; 0                 ; 0          ; 0    ; 0            ; |i2c_slave|enc7led:lst ; enc7led     ; work         ;
+----------------------------+---------------------+---------------------------+-------------------+------------+------+--------------+------------------------+-------------+--------------+
Note: For table entries with two numbers listed, the numbers in parentheses indicate the number of resources of the given type used by the specific entity alone. The numbers listed outside of parentheses indicate the total resources of the given type used by the specific entity and all of its sub-entities in the hierarchy.


+--------------------------------------------------------------+
; Registers Removed During Synthesis                           ;
+---------------------------------------+----------------------+
; Register name                         ; Reason for Removal   ;
+---------------------------------------+----------------------+
; state[3]                              ; Merged with state[2] ;
; Total Number of Removed Registers = 1 ;                      ;
+---------------------------------------+----------------------+


+------------------------------------------------------+
; General Register Statistics                          ;
+----------------------------------------------+-------+
; Statistic                                    ; Value ;
+----------------------------------------------+-------+
; Total registers                              ; 17    ;
; Number of registers using Synchronous Clear  ; 0     ;
; Number of registers using Synchronous Load   ; 0     ;
; Number of registers using Asynchronous Clear ; 0     ;
; Number of registers using Asynchronous Load  ; 0     ;
; Number of registers using Clock Enable       ; 6     ;
; Number of registers using Preset             ; 0     ;
+----------------------------------------------+-------+


+--------------------------------------------------+
; Inverted Register Statistics                     ;
+----------------------------------------+---------+
; Inverted Register                      ; Fan out ;
+----------------------------------------+---------+
; ack                                    ; 2       ;
; Total number of inverted registers = 1 ;         ;
+----------------------------------------+---------+


+------------------------------------------------------------------------------------------------------------------------------------------+
; Multiplexer Restructuring Statistics (Restructuring Performed)                                                                           ;
+--------------------+-----------+---------------+----------------------+------------------------+------------+----------------------------+
; Multiplexer Inputs ; Bus Width ; Baseline Area ; Area if Restructured ; Saving if Restructured ; Registered ; Example Multiplexer Output ;
+--------------------+-----------+---------------+----------------------+------------------------+------------+----------------------------+
; 5:1                ; 4 bits    ; 12 LEs        ; 8 LEs                ; 4 LEs                  ; Yes        ; |i2c_slave|clkcnt[3]       ;
; 9:1                ; 2 bits    ; 12 LEs        ; 8 LEs                ; 4 LEs                  ; Yes        ; |i2c_slave|state[1]        ;
+--------------------+-----------+---------------+----------------------+------------------------+------------+----------------------------+


+-----------------------------------------+
; Port Connectivity Checks: "enc7led:cc0" ;
+-------+-------+----------+--------------+
; Port  ; Type  ; Severity ; Details      ;
+-------+-------+----------+--------------+
; enchx ; Input ; Info     ; Stuck at VCC ;
+-------+-------+----------+--------------+


+-----------------------------------------+
; Port Connectivity Checks: "enc7led:lst" ;
+-------+-------+----------+--------------+
; Port  ; Type  ; Severity ; Details      ;
+-------+-------+----------+--------------+
; enchx ; Input ; Info     ; Stuck at VCC ;
+-------+-------+----------+--------------+


+-------------------------------------------+
; Port Connectivity Checks: "enc7led:ad1"   ;
+---------+-------+----------+--------------+
; Port    ; Type  ; Severity ; Details      ;
+---------+-------+----------+--------------+
; vinp[3] ; Input ; Info     ; Stuck at GND ;
; enchx   ; Input ; Info     ; Stuck at VCC ;
+---------+-------+----------+--------------+


+-----------------------------------------+
; Port Connectivity Checks: "enc7led:ad0" ;
+-------+-------+----------+--------------+
; Port  ; Type  ; Severity ; Details      ;
+-------+-------+----------+--------------+
; enchx ; Input ; Info     ; Stuck at VCC ;
+-------+-------+----------+--------------+


+-----------------------------------------------------+
; Post-Synthesis Netlist Statistics for Top Partition ;
+-----------------------+-----------------------------+
; Type                  ; Count                       ;
+-----------------------+-----------------------------+
; arriav_ff             ; 17                          ;
;     ENA               ; 6                           ;
;     plain             ; 11                          ;
; arriav_io_obuf        ; 1                           ;
; arriav_lcell_comb     ; 73                          ;
;     normal            ; 73                          ;
;         0 data inputs ; 1                           ;
;         1 data inputs ; 1                           ;
;         2 data inputs ; 6                           ;
;         3 data inputs ; 19                          ;
;         4 data inputs ; 18                          ;
;         5 data inputs ; 13                          ;
;         6 data inputs ; 15                          ;
; boundary_port         ; 41                          ;
;                       ;                             ;
; Max LUT depth         ; 3.00                        ;
; Average LUT depth     ; 1.98                        ;
+-----------------------+-----------------------------+


+-------------------------------+
; Elapsed Time Per Partition    ;
+----------------+--------------+
; Partition Name ; Elapsed Time ;
+----------------+--------------+
; Top            ; 00:00:00     ;
+----------------+--------------+


+-------------------------------+
; Analysis & Synthesis Messages ;
+-------------------------------+
Info: *******************************************************************
Info: Running Quartus Prime Analysis & Synthesis
    Info: Version 18.0.0 Build 614 04/24/2018 SJ Standard Edition
    Info: Processing started: Sun Aug 18 19:32:35 2019
Info: Command: quartus_map --read_settings_files=on --write_settings_files=off i2c_slave -c i2c_slave
Warning (18236): Number of processors has not been specified which may cause overloading on shared machines.  Set the global assignment NUM_PARALLEL_PROCESSORS in your QSF to an appropriate value for best performance.
Info (20030): Parallel compilation is enabled and will use 8 of the 8 processors detected
Info (12021): Found 1 design units, including 1 entities, in source file i2c_slave.sv
    Info (12023): Found entity 1: i2c_slave File: /home/users/kawamata/myPrograms/git/Control_Team_MNZ/i2c_slave/i2c_slave.sv Line: 3
Info (12021): Found 1 design units, including 1 entities, in source file enc7led.sv
    Info (12023): Found entity 1: enc7led File: /home/users/kawamata/myPrograms/git/Control_Team_MNZ/i2c_slave/enc7led.sv Line: 3
Warning (10236): Verilog HDL Implicit Net warning at i2c_slave.sv(27): created implicit net for "gnt" File: /home/users/kawamata/myPrograms/git/Control_Team_MNZ/i2c_slave/i2c_slave.sv Line: 27
Info (12127): Elaborating entity "i2c_slave" for the top level hierarchy
Warning (10036): Verilog HDL or VHDL warning at i2c_slave.sv(27): object "gnt" assigned a value but never read File: /home/users/kawamata/myPrograms/git/Control_Team_MNZ/i2c_slave/i2c_slave.sv Line: 27
Warning (10036): Verilog HDL or VHDL warning at i2c_slave.sv(19): object "rw" assigned a value but never read File: /home/users/kawamata/myPrograms/git/Control_Team_MNZ/i2c_slave/i2c_slave.sv Line: 19
Warning (10230): Verilog HDL assignment warning at i2c_slave.sv(127): truncated value with size 32 to match size of target (4) File: /home/users/kawamata/myPrograms/git/Control_Team_MNZ/i2c_slave/i2c_slave.sv Line: 127
Warning (10034): Output port "led" at i2c_slave.sv(9) has no driver File: /home/users/kawamata/myPrograms/git/Control_Team_MNZ/i2c_slave/i2c_slave.sv Line: 9
Warning (10034): Output port "gnd" at i2c_slave.sv(8) has no driver File: /home/users/kawamata/myPrograms/git/Control_Team_MNZ/i2c_slave/i2c_slave.sv Line: 8
Info (12128): Elaborating entity "enc7led" for hierarchy "enc7led:ad0" File: /home/users/kawamata/myPrograms/git/Control_Team_MNZ/i2c_slave/i2c_slave.sv Line: 33
Warning (13024): Output pins are stuck at VCC or GND
    Warning (13410): Pin "gnd" is stuck at GND File: /home/users/kawamata/myPrograms/git/Control_Team_MNZ/i2c_slave/i2c_slave.sv Line: 8
    Warning (13410): Pin "led[0]" is stuck at GND File: /home/users/kawamata/myPrograms/git/Control_Team_MNZ/i2c_slave/i2c_slave.sv Line: 9
    Warning (13410): Pin "led[1]" is stuck at GND File: /home/users/kawamata/myPrograms/git/Control_Team_MNZ/i2c_slave/i2c_slave.sv Line: 9
    Warning (13410): Pin "led[2]" is stuck at GND File: /home/users/kawamata/myPrograms/git/Control_Team_MNZ/i2c_slave/i2c_slave.sv Line: 9
    Warning (13410): Pin "led[3]" is stuck at GND File: /home/users/kawamata/myPrograms/git/Control_Team_MNZ/i2c_slave/i2c_slave.sv Line: 9
    Warning (13410): Pin "led[4]" is stuck at GND File: /home/users/kawamata/myPrograms/git/Control_Team_MNZ/i2c_slave/i2c_slave.sv Line: 9
    Warning (13410): Pin "led[5]" is stuck at GND File: /home/users/kawamata/myPrograms/git/Control_Team_MNZ/i2c_slave/i2c_slave.sv Line: 9
    Warning (13410): Pin "led[6]" is stuck at GND File: /home/users/kawamata/myPrograms/git/Control_Team_MNZ/i2c_slave/i2c_slave.sv Line: 9
    Warning (13410): Pin "led[7]" is stuck at GND File: /home/users/kawamata/myPrograms/git/Control_Team_MNZ/i2c_slave/i2c_slave.sv Line: 9
Info (286030): Timing-Driven Synthesis is running
Info (16010): Generating hard_block partition "hard_block:auto_generated_inst"
    Info (16011): Adding 0 node(s), including 0 DDIO, 0 PLL, 0 transceiver and 0 LCELL
Info (21057): Implemented 114 device resources after synthesis - the final resource count might be different
    Info (21058): Implemented 3 input pins
    Info (21059): Implemented 37 output pins
    Info (21060): Implemented 1 bidirectional pins
    Info (21061): Implemented 73 logic cells
Info: Quartus Prime Analysis & Synthesis was successful. 0 errors, 17 warnings
    Info: Peak virtual memory: 1193 megabytes
    Info: Processing ended: Sun Aug 18 19:32:47 2019
    Info: Elapsed time: 00:00:12
    Info: Total CPU time (on all processors): 00:00:23


