#-----------------------------------------------------------
# Vivado v2018.3 (64-bit)
# SW Build 2405991 on Thu Dec  6 23:36:41 MST 2018
# IP Build 2404404 on Fri Dec  7 01:43:56 MST 2018
# Start of session at: Thu Aug  8 21:42:14 2019
# Process ID: 1541
# Current directory: /home/users/kawamata/myPrograms/git/Control_Team_MNZ/ltica/ltica
# Command line: vivado ltica.xpr
# Log file: /home/users/kawamata/myPrograms/git/Control_Team_MNZ/ltica/ltica/vivado.log
# Journal file: /home/users/kawamata/myPrograms/git/Control_Team_MNZ/ltica/ltica/vivado.jou
#-----------------------------------------------------------
start_gui
open_project ltica.xpr
Scanning sources...
Finished scanning sources
INFO: [IP_Flow 19-234] Refreshing IP repositories
INFO: [IP_Flow 19-1704] No user IP repositories specified
INFO: [IP_Flow 19-2313] Loaded Vivado IP repository '/home/cad/xilinx-vivado-2018.3/Vivado/2018.3/data/ip'.
open_project: Time (s): cpu = 00:00:13 ; elapsed = 00:00:12 . Memory (MB): peak = 6518.375 ; gain = 156.531 ; free physical = 879 ; free virtual = 5640
update_compile_order -fileset sources_1
open_hw
connect_hw_server
INFO: [Labtools 27-2285] Connecting to hw_server url TCP:localhost:3121
INFO: [Labtools 27-2222] Launching hw_server...
INFO: [Labtools 27-2221] Launch Output:

****** Xilinx hw_server v2018.3
  **** Build date : Dec  6 2018-23:53:53
    ** Copyright 1986-2018 Xilinx, Inc. All Rights Reserved.


open_hw_target
INFO: [Labtoolstcl 44-466] Opening hw_target localhost:3121/xilinx_tcf/Digilent/003017A939B6A
current_hw_device [get_hw_devices xc7z020_1]
refresh_hw_device -update_hw_probes false [lindex [get_hw_devices xc7z020_1] 0]
INFO: [Labtools 27-1434] Device xc7z020 (JTAG device index = 1) is programmed with a design that has no supported debug core(s) in it.
set_property PROBES.FILE {} [get_hw_devices xc7z020_1]
set_property FULL_PROBES.FILE {} [get_hw_devices xc7z020_1]
set_property PROGRAM.FILE {/home/users/kawamata/myPrograms/git/Control_Team_MNZ/ltica/ltica/ltica.runs/impl_1/ltica.bit} [get_hw_devices xc7z020_1]
program_hw_devices [get_hw_devices xc7z020_1]
INFO: [Labtools 27-3164] End of startup status: HIGH
refresh_hw_device [lindex [get_hw_devices xc7z020_1] 0]
INFO: [Labtools 27-1434] Device xc7z020 (JTAG device index = 1) is programmed with a design that has no supported debug core(s) in it.
reset_run synth_1
WARNING: [Vivado 12-1017] Problems encountered:
1. Failed to delete one or more files in run directory /home/users/kawamata/myPrograms/git/Control_Team_MNZ/ltica/ltica/ltica.runs/synth_1

launch_runs synth_1 -jobs 2 -host {duck 16} -remote_cmd {ssh -q -o BatchMode=yes}
[Thu Aug  8 21:48:51 2019] Launched synth_1...
Run output will be captured here: /home/users/kawamata/myPrograms/git/Control_Team_MNZ/ltica/ltica/ltica.runs/synth_1/runme.log
launch_runs impl_1 -jobs 2 -host {duck 16} -remote_cmd {ssh -q -o BatchMode=yes}
[Thu Aug  8 21:50:11 2019] Launched impl_1...
Run output will be captured here: /home/users/kawamata/myPrograms/git/Control_Team_MNZ/ltica/ltica/ltica.runs/impl_1/runme.log
launch_runs impl_1 -to_step write_bitstream -jobs 2 -host {duck 16} -remote_cmd {ssh -q -o BatchMode=yes}
[Thu Aug  8 21:51:26 2019] Launched impl_1...
Run output will be captured here: /home/users/kawamata/myPrograms/git/Control_Team_MNZ/ltica/ltica/ltica.runs/impl_1/runme.log
set_property PROBES.FILE {} [get_hw_devices xc7z020_1]
set_property FULL_PROBES.FILE {} [get_hw_devices xc7z020_1]
set_property PROGRAM.FILE {/home/users/kawamata/myPrograms/git/Control_Team_MNZ/ltica/ltica/ltica.runs/impl_1/ltica.bit} [get_hw_devices xc7z020_1]
program_hw_devices [get_hw_devices xc7z020_1]
INFO: [Labtools 27-3164] End of startup status: HIGH
refresh_hw_device [lindex [get_hw_devices xc7z020_1] 0]
INFO: [Labtools 27-1434] Device xc7z020 (JTAG device index = 1) is programmed with a design that has no supported debug core(s) in it.
exit
INFO: [Common 17-41] Interrupt caught. Command should exit soon.
