#-----------------------------------------------------------
# Vivado v2018.2 (64-bit)
# SW Build 2258646 on Thu Jun 14 20:02:38 MDT 2018
# IP Build 2256618 on Thu Jun 14 22:10:49 MDT 2018
# Start of session at: Thu Aug  8 20:39:21 2019
# Process ID: 30488
# Current directory: /home/users/kawamata/myPrograms/git/Control_Team_MNZ/ltica
# Command line: vivado
# Log file: /home/users/kawamata/myPrograms/git/Control_Team_MNZ/ltica/vivado.log
# Journal file: /home/users/kawamata/myPrograms/git/Control_Team_MNZ/ltica/vivado.jou
#-----------------------------------------------------------
start_gui
create_project ltica /home/users/kawamata/myPrograms/git/Control_Team_MNZ/ltica/ltica -part xq7z020cl400-1I
INFO: [IP_Flow 19-234] Refreshing IP repositories
INFO: [IP_Flow 19-1704] No user IP repositories specified
INFO: [IP_Flow 19-2313] Loaded Vivado IP repository '/home/cad/xilinx-vivado-2018.2/Vivado/2018.2/data/ip'.
create_project: Time (s): cpu = 00:00:09 ; elapsed = 00:00:08 . Memory (MB): peak = 6280.059 ; gain = 51.676 ; free physical = 5840 ; free virtual = 20254
add_files -norecurse {/home/users/kawamata/myPrograms/git/Control_Team_MNZ/ltica/ltable.sv /home/users/kawamata/myPrograms/git/Control_Team_MNZ/ltica/LED.v}
add_files -fileset constrs_1 -norecurse /home/users/kawamata/myPrograms/git/Control_Team_MNZ/ltica/LED.xdc
update_compile_order -fileset sources_1
update_compile_order -fileset sources_1
update_compile_order -fileset sources_1
launch_runs synth_1 -jobs 16
CRITICAL WARNING: [HDL 9-806] Syntax error near "wire". [/home/users/kawamata/myPrograms/git/Control_Team_MNZ/ltica/LED.v:4]
CRITICAL WARNING: [HDL 9-806] Syntax error near "wire". [/home/users/kawamata/myPrograms/git/Control_Team_MNZ/ltica/ltable.sv:2]
[Thu Aug  8 20:43:31 2019] Launched synth_1...
Run output will be captured here: /home/users/kawamata/myPrograms/git/Control_Team_MNZ/ltica/ltica/ltica.runs/synth_1/runme.log
reset_run synth_1
launch_runs synth_1 -jobs 16
[Thu Aug  8 20:44:46 2019] Launched synth_1...
Run output will be captured here: /home/users/kawamata/myPrograms/git/Control_Team_MNZ/ltica/ltica/ltica.runs/synth_1/runme.log
reset_run synth_1
launch_runs synth_1 -jobs 16
[Thu Aug  8 20:45:52 2019] Launched synth_1...
Run output will be captured here: /home/users/kawamata/myPrograms/git/Control_Team_MNZ/ltica/ltica/ltica.runs/synth_1/runme.log
reset_run synth_1
launch_runs synth_1 -jobs 16
[Thu Aug  8 20:46:11 2019] Launched synth_1...
Run output will be captured here: /home/users/kawamata/myPrograms/git/Control_Team_MNZ/ltica/ltica/ltica.runs/synth_1/runme.log
exit
INFO: [Common 17-206] Exiting Vivado at Thu Aug  8 20:46:44 2019...
