ncverilog(64): 15.20-s020: (c) Copyright 1995-2017 Cadence Design Systems, Inc.
TOOL:	ncverilog	15.20-s020: Started on Aug 17, 2019 at 13:32:02 JST
ncverilog
	+access+r+w
	i2c_sim.v
	i2c_slave.v
	enc7led.sv
file: enc7led.sv
	module worklib.enc7led:sv
		errors: 0, warnings: 0
		Caching library 'worklib' ....... Done
	Elaborating the design hierarchy:
  i2c_slave a0(
             |
ncelab: *W,CUVWSP (./i2c_sim.v,18|13): 1 output port was not connected:
ncelab: (./i2c_slave.v,7): hxled

  i2c_slave a0(
             |
ncelab: *W,CUVWSB (./i2c_sim.v,18|13): 1 inout port was not connected:
ncelab: (./i2c_slave.v,4): sda

ncelab: *W,DSEMEL: This SystemVerilog design will be simulated as per IEEE 1800-2009 SystemVerilog simulation semantics. Use -disable_sem2009 option for turning off SV 2009 simulation semantics.
	Building instance overlay tables: .................... Done
	Generating native compiled code:
		worklib.enc7led:sv <0x6c741bac>
			streams:   1, words:  1133
		worklib.i2c_sim:v <0x6f55c89d>
			streams:   6, words:  4180
		worklib.i2c_slave:v <0x76c1128b>
			streams:  21, words:  7710
	Building instance specific data structures.
	Loading native compiled code:     .................... Done
	Design hierarchy summary:
		                 Instances  Unique
		Modules:                 5       3
		Registers:              10       8
		Scalar wires:            7       -
		Vectored wires:          8       -
		Always blocks:           4       2
		Initial blocks:          4       4
		Cont. assignments:       2       3
		Pseudo assignments:      5       5
		Simulation timescale:  1ps
	Writing initial simulation snapshot: worklib.i2c_sim:v
Loading snapshot worklib.i2c_sim:v .................... Done
ncsim: *W,DSEM2009: This SystemVerilog design is simulated as per IEEE 1800-2009 SystemVerilog simulation semantics. Use -disable_sem2009 option for turning off SV 2009 simulation semantics.
ncsim> source /home/cad/cadence-incisiv-15.20.020/tools/inca/files/ncsimrc
ncsim> run
                   0  scl = 0 
                  10  scl = 1 
                  20  scl = 0 
                  30  scl = 1 
                  40  scl = 0 
                  50  scl = 1 
                  60  scl = 0 
                  70  scl = 1 
                  80  scl = 0 
                  90  scl = 1 
                 100  scl = 0 
                 110  scl = 1 
                 120  scl = 0 
                 130  scl = 1 
                 140  scl = 0 
                 150  scl = 1 
                 160  scl = 0 
                 170  scl = 1 
                 180  scl = 0 
                 190  scl = 1 
                 200  scl = 0 
                 210  scl = 1 
                 220  scl = 0 
                 230  scl = 1 
                 240  scl = 0 
                 250  scl = 1 
                 260  scl = 0 
                 270  scl = 1 
                 280  scl = 0 
                 290  scl = 1 
                 300  scl = 0 
                 310  scl = 1 
                 320  scl = 0 
                 330  scl = 1 
                 340  scl = 0 
                 350  scl = 1 
                 360  scl = 0 
                 370  scl = 1 
                 380  scl = 0 
                 390  scl = 1 
                 400  scl = 0 
                 410  scl = 1 
                 420  scl = 0 
                 430  scl = 1 
                 440  scl = 0 
                 450  scl = 1 
                 460  scl = 0 
                 470  scl = 1 
                 480  scl = 0 
                 490  scl = 1 
                 500  scl = 0 
                 510  scl = 1 
                 520  scl = 0 
                 530  scl = 1 
                 540  scl = 0 
                 550  scl = 1 
                 560  scl = 0 
                 570  scl = 1 
                 580  scl = 0 
                 590  scl = 1 
                 600  scl = 0 
                 610  scl = 1 
                 620  scl = 0 
                 630  scl = 1 
                 640  scl = 0 
                 650  scl = 1 
                 660  scl = 0 
                 670  scl = 1 
                 680  scl = 0 
                 690  scl = 1 
                 700  scl = 0 
                 710  scl = 1 
                 720  scl = 0 
                 730  scl = 1 
                 740  scl = 0 
                 750  scl = 1 
                 760  scl = 0 
                 770  scl = 1 
                 780  scl = 0 
                 790  scl = 1 
                 800  scl = 0 
                 810  scl = 1 
                 820  scl = 0 
                 830  scl = 1 
                 840  scl = 0 
                 850  scl = 1 
                 860  scl = 0 
                 870  scl = 1 
                 880  scl = 0 
                 890  scl = 1 
                 900  scl = 0 
                 910  scl = 1 
                 920  scl = 0 
                 930  scl = 1 
                 940  scl = 0 
                 950  scl = 1 
                 960  scl = 0 
                 970  scl = 1 
                 980  scl = 0 
                 990  scl = 1 
                1000  scl = 0 
                1010  scl = 1 
                1020  scl = 0 
                1030  scl = 1 
                1040  scl = 0 
                1050  scl = 1 
                1060  scl = 0 
                1070  scl = 1 
                1080  scl = 0 
                1090  scl = 1 
                1100  scl = 0 
                1110  scl = 1 
                1120  scl = 0 
                1130  scl = 1 
                1140  scl = 0 
                1150  scl = 1 
                1160  scl = 0 
                1170  scl = 1 
                1180  scl = 0 
                1190  scl = 1 
                1200  scl = 0 
                1210  scl = 1 
                1220  scl = 0 
                1230  scl = 1 
                1240  scl = 0 
                1250  scl = 1 
                1260  scl = 0 
                1270  scl = 1 
                1280  scl = 0 
                1290  scl = 1 
                1300  scl = 0 
                1310  scl = 1 
                1320  scl = 0 
                1330  scl = 1 
                1340  scl = 0 
                1350  scl = 1 
                1360  scl = 0 
                1370  scl = 1 
                1380  scl = 0 
                1390  scl = 1 
                1400  scl = 0 
                1410  scl = 1 
                1420  scl = 0 
                1430  scl = 1 
                1440  scl = 0 
                1450  scl = 1 
                1460  scl = 0 
                1470  scl = 1 
                1480  scl = 0 
                1490  scl = 1 
                1500  scl = 0 
                1510  scl = 1 
                1520  scl = 0 
                1530  scl = 1 
                1540  scl = 0 
                1550  scl = 1 
                1560  scl = 0 
                1570  scl = 1 
                1580  scl = 0 
                1590  scl = 1 
                1600  scl = 0 
                1610  scl = 1 
                1620  scl = 0 
                1630  scl = 1 
                1640  scl = 0 
                1650  scl = 1 
                1660  scl = 0 
                1670  scl = 1 
                1680  scl = 0 
                1690  scl = 1 
                1700  scl = 0 
                1710  scl = 1 
                1720  scl = 0 
                1730  scl = 1 
                1740  scl = 0 
                1750  scl = 1 
                1760  scl = 0 
                1770  scl = 1 
                1780  scl = 0 
                1790  scl = 1 
                1800  scl = 0 
                1810  scl = 1 
                1820  scl = 0 
                1830  scl = 1 
                1840  scl = 0 
                1850  scl = 1 
                1860  scl = 0 
                1870  scl = 1 
                1880  scl = 0 
                1890  scl = 1 
                1900  scl = 0 
                1910  scl = 1 
                1920  scl = 0 
                1930  scl = 1 
                1940  scl = 0 
                1950  scl = 1 
                1960  scl = 0 
                1970  scl = 1 
                1980  scl = 0 
                1990  scl = 1 
                2000  scl = 0 
                2010  scl = 1 
                2020  scl = 0 
                2030  scl = 1 
                2040  scl = 0 
                2050  scl = 1 
                2060  scl = 0 
                2070  scl = 1 
                2080  scl = 0 
                2090  scl = 1 
                2100  scl = 0 
                2110  scl = 1 
                2120  scl = 0 
                2130  scl = 1 
                2140  scl = 0 
                2150  scl = 1 
                2160  scl = 0 
                2170  scl = 1 
                2180  scl = 0 
                2190  scl = 1 
                2200  scl = 0 
                2210  scl = 1 
                2220  scl = 0 
                2230  scl = 1 
                2240  scl = 0 
                2250  scl = 1 
                2260  scl = 0 
                2270  scl = 1 
                2280  scl = 0 
                2290  scl = 1 
                2300  scl = 0 
                2310  scl = 1 
                2320  scl = 0 
                2330  scl = 1 
                2340  scl = 0 
                2350  scl = 1 
                2360  scl = 0 
                2370  scl = 1 
                2380  scl = 0 
                2390  scl = 1 
                2400  scl = 0 
                2410  scl = 1 
                2420  scl = 0 
                2430  scl = 1 
                2440  scl = 0 
                2450  scl = 1 
                2460  scl = 0 
                2470  scl = 1 
                2480  scl = 0 
                2490  scl = 1 
                2500  scl = 0 
                2510  scl = 1 
                2520  scl = 0 
                2530  scl = 1 
                2540  scl = 0 
                2550  scl = 1 
                2560  scl = 0 
                2570  scl = 1 
                2580  scl = 0 
                2590  scl = 1 
                2600  scl = 0 
                2610  scl = 1 
                2620  scl = 0 
                2630  scl = 1 
                2640  scl = 0 
                2650  scl = 1 
                2660  scl = 0 
                2670  scl = 1 
                2680  scl = 0 
                2690  scl = 1 
                2700  scl = 0 
                2710  scl = 1 
                2720  scl = 0 
                2730  scl = 1 
                2740  scl = 0 
                2750  scl = 1 
                2760  scl = 0 
                2770  scl = 1 
                2780  scl = 0 
                2790  scl = 1 
                2800  scl = 0 
                2810  scl = 1 
                2820  scl = 0 
                2830  scl = 1 
                2840  scl = 0 
                2850  scl = 1 
                2860  scl = 0 
                2870  scl = 1 
                2880  scl = 0 
                2890  scl = 1 
                2900  scl = 0 
                2910  scl = 1 
                2920  scl = 0 
                2930  scl = 1 
                2940  scl = 0 
                2950  scl = 1 
                2960  scl = 0 
                2970  scl = 1 
                2980  scl = 0 
                2990  scl = 1 
                3000  scl = 0 
                3010  scl = 1 
                3020  scl = 0 
                3030  scl = 1 
                3040  scl = 0 
                3050  scl = 1 
                3060  scl = 0 
                3070  scl = 1 
                3080  scl = 0 
                3090  scl = 1 
                3100  scl = 0 
                3110  scl = 1 
                3120  scl = 0 
                3130  scl = 1 
                3140  scl = 0 
                3150  scl = 1 
                3160  scl = 0 
                3170  scl = 1 
                3180  scl = 0 
                3190  scl = 1 
                3200  scl = 0 
                3210  scl = 1 
                3220  scl = 0 
                3230  scl = 1 
                3240  scl = 0 
                3250  scl = 1 
                3260  scl = 0 
                3270  scl = 1 
                3280  scl = 0 
                3290  scl = 1 
                3300  scl = 0 
                3310  scl = 1 
                3320  scl = 0 
                3330  scl = 1 
                3340  scl = 0 
                3350  scl = 1 
                3360  scl = 0 
                3370  scl = 1 
                3380  scl = 0 
                3390  scl = 1 
                3400  scl = 0 
                3410  scl = 1 
                3420  scl = 0 
                3430  scl = 1 
                3440  scl = 0 
                3450  scl = 1 
                3460  scl = 0 
                3470  scl = 1 
                3480  scl = 0 
                3490  scl = 1 
                3500  scl = 0 
                3510  scl = 1 
                3520  scl = 0 
                3530  scl = 1 
                3540  scl = 0 
                3550  scl = 1 
                3560  scl = 0 
                3570  scl = 1 
                3580  scl = 0 
                3590  scl = 1 
                3600  scl = 0 
                3610  scl = 1 
                3620  scl = 0 
                3630  scl = 1 
                3640  scl = 0 
                3650  scl = 1 
                3660  scl = 0 
                3670  scl = 1 
                3680  scl = 0 
                3690  scl = 1 
                3700  scl = 0 
                3710  scl = 1 
                3720  scl = 0 
                3730  scl = 1 
                3740  scl = 0 
                3750  scl = 1 
                3760  scl = 0 
                3770  scl = 1 
                3780  scl = 0 
                3790  scl = 1 
                3800  scl = 0 
                3810  scl = 1 
                3820  scl = 0 
                3830  scl = 1 
                3840  scl = 0 
                3850  scl = 1 
                3860  scl = 0 
                3870  scl = 1 
                3880  scl = 0 
                3890  scl = 1 
                3900  scl = 0 
                3910  scl = 1 
                3920  scl = 0 
                3930  scl = 1 
                3940  scl = 0 
                3950  scl = 1 
                3960  scl = 0 
                3970  scl = 1 
                3980  scl = 0 
                3990  scl = 1 
                4000  scl = 0 
                4010  scl = 1 
                4020  scl = 0 
                4030  scl = 1 
                4040  scl = 0 
                4050  scl = 1 
                4060  scl = 0 
                4070  scl = 1 
                4080  scl = 0 
                4090  scl = 1 
                4100  scl = 0 
                4110  scl = 1 
                4120  scl = 0 
                4130  scl = 1 
                4140  scl = 0 
                4150  scl = 1 
                4160  scl = 0 
                4170  scl = 1 
                4180  scl = 0 
                4190  scl = 1 
                4200  scl = 0 
                4210  scl = 1 
                4220  scl = 0 
                4230  scl = 1 
                4240  scl = 0 
                4250  scl = 1 
                4260  scl = 0 
                4270  scl = 1 
                4280  scl = 0 
                4290  scl = 1 
                4300  scl = 0 
                4310  scl = 1 
                4320  scl = 0 
                4330  scl = 1 
                4340  scl = 0 
                4350  scl = 1 
                4360  scl = 0 
                4370  scl = 1 
                4380  scl = 0 
                4390  scl = 1 
                4400  scl = 0 
                4410  scl = 1 
                4420  scl = 0 
                4430  scl = 1 
                4440  scl = 0 
                4450  scl = 1 
                4460  scl = 0 
                4470  scl = 1 
                4480  scl = 0 
                4490  scl = 1 
                4500  scl = 0 
                4510  scl = 1 
                4520  scl = 0 
                4530  scl = 1 
                4540  scl = 0 
                4550  scl = 1 
                4560  scl = 0 
                4570  scl = 1 
                4580  scl = 0 
                4590  scl = 1 
                4600  scl = 0 
                4610  scl = 1 
                4620  scl = 0 
                4630  scl = 1 
                4640  scl = 0 
                4650  scl = 1 
                4660  scl = 0 
                4670  scl = 1 
                4680  scl = 0 
                4690  scl = 1 
                4700  scl = 0 
                4710  scl = 1 
                4720  scl = 0 
                4730  scl = 1 
                4740  scl = 0 
                4750  scl = 1 
                4760  scl = 0 
                4770  scl = 1 
                4780  scl = 0 
                4790  scl = 1 
                4800  scl = 0 
                4810  scl = 1 
                4820  scl = 0 
                4830  scl = 1 
                4840  scl = 0 
                4850  scl = 1 
                4860  scl = 0 
                4870  scl = 1 
                4880  scl = 0 
                4890  scl = 1 
                4900  scl = 0 
                4910  scl = 1 
                4920  scl = 0 
                4930  scl = 1 
                4940  scl = 0 
                4950  scl = 1 
                4960  scl = 0 
                4970  scl = 1 
                4980  scl = 0 
                4990  scl = 1 
                5000  scl = 0 
                5010  scl = 1 
                5020  scl = 0 
                5030  scl = 1 
                5040  scl = 0 
                5050  scl = 1 
                5060  scl = 0 
                5070  scl = 1 
                5080  scl = 0 
                5090  scl = 1 
                5100  scl = 0 
                5110  scl = 1 
                5120  scl = 0 
                5130  scl = 1 
                5140  scl = 0 
                5150  scl = 1 
                5160  scl = 0 
                5170  scl = 1 
                5180  scl = 0 
                5190  scl = 1 
                5200  scl = 0 
                5210  scl = 1 
                5220  scl = 0 
                5230  scl = 1 
                5240  scl = 0 
                5250  scl = 1 
                5260  scl = 0 
                5270  scl = 1 
                5280  scl = 0 
                5290  scl = 1 
                5300  scl = 0 
                5310  scl = 1 
                5320  scl = 0 
                5330  scl = 1 
                5340  scl = 0 
                5350  scl = 1 
                5360  scl = 0 
                5370  scl = 1 
                5380  scl = 0 
                5390  scl = 1 
                5400  scl = 0 
                5410  scl = 1 
                5420  scl = 0 
                5430  scl = 1 
                5440  scl = 0 
                5450  scl = 1 
                5460  scl = 0 
                5470  scl = 1 
                5480  scl = 0 
                5490  scl = 1 
                5500  scl = 0 
                5510  scl = 1 
                5520  scl = 0 
                5530  scl = 1 
                5540  scl = 0 
                5550  scl = 1 
                5560  scl = 0 
                5570  scl = 1 
                5580  scl = 0 
                5590  scl = 1 
                5600  scl = 0 
                5610  scl = 1 
                5620  scl = 0 
                5630  scl = 1 
                5640  scl = 0 
                5650  scl = 1 
                5660  scl = 0 
                5670  scl = 1 
                5680  scl = 0 
                5690  scl = 1 
                5700  scl = 0 
                5710  scl = 1 
                5720  scl = 0 
                5730  scl = 1 
                5740  scl = 0 
                5750  scl = 1 
                5760  scl = 0 
                5770  scl = 1 
                5780  scl = 0 
                5790  scl = 1 
                5800  scl = 0 
                5810  scl = 1 
                5820  scl = 0 
                5830  scl = 1 
                5840  scl = 0 
                5850  scl = 1 
                5860  scl = 0 
                5870  scl = 1 
                5880  scl = 0 
                5890  scl = 1 
                5900  scl = 0 
                5910  scl = 1 
                5920  scl = 0 
                5930  scl = 1 
                5940  scl = 0 
                5950  scl = 1 
                5960  scl = 0 
                5970  scl = 1 
                5980  scl = 0 
                5990  scl = 1 
                6000  scl = 0 
                6010  scl = 1 
                6020  scl = 0 
                6030  scl = 1 
                6040  scl = 0 
                6050  scl = 1 
                6060  scl = 0 
                6070  scl = 1 
                6080  scl = 0 
                6090  scl = 1 
                6100  scl = 0 
                6110  scl = 1 
                6120  scl = 0 
                6130  scl = 1 
                6140  scl = 0 
                6150  scl = 1 
                6160  scl = 0 
                6170  scl = 1 
                6180  scl = 0 
                6190  scl = 1 
                6200  scl = 0 
                6210  scl = 1 
                6220  scl = 0 
                6230  scl = 1 
                6240  scl = 0 
                6250  scl = 1 
                6260  scl = 0 
                6270  scl = 1 
                6280  scl = 0 
                6290  scl = 1 
                6300  scl = 0 
                6310  scl = 1 
                6320  scl = 0 
                6330  scl = 1 
                6340  scl = 0 
                6350  scl = 1 
                6360  scl = 0 
                6370  scl = 1 
                6380  scl = 0 
                6390  scl = 1 
                6400  scl = 0 
                6410  scl = 1 
                6420  scl = 0 
                6430  scl = 1 
                6440  scl = 0 
                6450  scl = 1 
                6460  scl = 0 
                6470  scl = 1 
                6480  scl = 0 
                6490  scl = 1 
                6500  scl = 0 
                6510  scl = 1 
                6520  scl = 0 
                6530  scl = 1 
                6540  scl = 0 
                6550  scl = 1 
                6560  scl = 0 
                6570  scl = 1 
                6580  scl = 0 
                6590  scl = 1 
                6600  scl = 0 
                6610  scl = 1 
                6620  scl = 0 
                6630  scl = 1 
                6640  scl = 0 
                6650  scl = 1 
                6660  scl = 0 
                6670  scl = 1 
                6680  scl = 0 
                6690  scl = 1 
                6700  scl = 0 
                6710  scl = 1 
                6720  scl = 0 
                6730  scl = 1 
                6740  scl = 0 
                6750  scl = 1 
                6760  scl = 0 
                6770  scl = 1 
                6780  scl = 0 
                6790  scl = 1 
                6800  scl = 0 
                6810  scl = 1 
                6820  scl = 0 
                6830  scl = 1 
                6840  scl = 0 
                6850  scl = 1 
                6860  scl = 0 
                6870  scl = 1 
                6880  scl = 0 
                6890  scl = 1 
                6900  scl = 0 
                6910  scl = 1 
                6920  scl = 0 
                6930  scl = 1 
                6940  scl = 0 
                6950  scl = 1 
                6960  scl = 0 
                6970  scl = 1 
                6980  scl = 0 
                6990  scl = 1 
                7000  scl = 0 
                7010  scl = 1 
                7020  scl = 0 
                7030  scl = 1 
                7040  scl = 0 
                7050  scl = 1 
                7060  scl = 0 
                7070  scl = 1 
                7080  scl = 0 
                7090  scl = 1 
                7100  scl = 0 
                7110  scl = 1 
                7120  scl = 0 
                7130  scl = 1 
                7140  scl = 0 
                7150  scl = 1 
                7160  scl = 0 
                7170  scl = 1 
                7180  scl = 0 
                7190  scl = 1 
                7200  scl = 0 
                7210  scl = 1 
                7220  scl = 0 
                7230  scl = 1 
                7240  scl = 0 
                7250  scl = 1 
                7260  scl = 0 
                7270  scl = 1 
                7280  scl = 0 
                7290  scl = 1 
                7300  scl = 0 
                7310  scl = 1 
                7320  scl = 0 
                7330  scl = 1 
                7340  scl = 0 
                7350  scl = 1 
                7360  scl = 0 
                7370  scl = 1 
                7380  scl = 0 
                7390  scl = 1 
                7400  scl = 0 
                7410  scl = 1 
                7420  scl = 0 
                7430  scl = 1 
                7440  scl = 0 
                7450  scl = 1 
                7460  scl = 0 
                7470  scl = 1 
                7480  scl = 0 
                7490  scl = 1 
                7500  scl = 0 
                7510  scl = 1 
                7520  scl = 0 
                7530  scl = 1 
                7540  scl = 0 
                7550  scl = 1 
                7560  scl = 0 
                7570  scl = 1 
                7580  scl = 0 
                7590  scl = 1 
                7600  scl = 0 
                7610  scl = 1 
                7620  scl = 0 
                7630  scl = 1 
                7640  scl = 0 
                7650  scl = 1 
                7660  scl = 0 
                7670  scl = 1 
                7680  scl = 0 
                7690  scl = 1 
                7700  scl = 0 
                7710  scl = 1 
                7720  scl = 0 
                7730  scl = 1 
                7740  scl = 0 
                7750  scl = 1 
                7760  scl = 0 
                7770  scl = 1 
                7780  scl = 0 
                7790  scl = 1 
                7800  scl = 0 
                7810  scl = 1 
                7820  scl = 0 
                7830  scl = 1 
                7840  scl = 0 
                7850  scl = 1 
                7860  scl = 0 
                7870  scl = 1 
                7880  scl = 0 
                7890  scl = 1 
                7900  scl = 0 
                7910  scl = 1 
                7920  scl = 0 
                7930  scl = 1 
                7940  scl = 0 
                7950  scl = 1 
                7960  scl = 0 
                7970  scl = 1 
                7980  scl = 0 
                7990  scl = 1 
                8000  scl = 0 
                8010  scl = 1 
                8020  scl = 0 
                8030  scl = 1 
                8040  scl = 0 
                8050  scl = 1 
                8060  scl = 0 
                8070  scl = 1 
                8080  scl = 0 
                8090  scl = 1 
                8100  scl = 0 
                8110  scl = 1 
                8120  scl = 0 
                8130  scl = 1 
                8140  scl = 0 
                8150  scl = 1 
                8160  scl = 0 
                8170  scl = 1 
                8180  scl = 0 
                8190  scl = 1 
                8200  scl = 0 
                8210  scl = 1 
                8220  scl = 0 
                8230  scl = 1 
                8240  scl = 0 
                8250  scl = 1 
                8260  scl = 0 
                8270  scl = 1 
                8280  scl = 0 
                8290  scl = 1 
                8300  scl = 0 
                8310  scl = 1 
                8320  scl = 0 
                8330  scl = 1 
                8340  scl = 0 
                8350  scl = 1 
                8360  scl = 0 
                8370  scl = 1 
                8380  scl = 0 
                8390  scl = 1 
                8400  scl = 0 
                8410  scl = 1 
                8420  scl = 0 
                8430  scl = 1 
                8440  scl = 0 
                8450  scl = 1 
                8460  scl = 0 
                8470  scl = 1 
                8480  scl = 0 
                8490  scl = 1 
                8500  scl = 0 
                8510  scl = 1 
                8520  scl = 0 
                8530  scl = 1 
                8540  scl = 0 
                8550  scl = 1 
                8560  scl = 0 
                8570  scl = 1 
                8580  scl = 0 
                8590  scl = 1 
                8600  scl = 0 
                8610  scl = 1 
                8620  scl = 0 
                8630  scl = 1 
                8640  scl = 0 
                8650  scl = 1 
                8660  scl = 0 
                8670  scl = 1 
                8680  scl = 0 
                8690  scl = 1 
                8700  scl = 0 
                8710  scl = 1 
                8720  scl = 0 
                8730  scl = 1 
                8740  scl = 0 
                8750  scl = 1 
                8760  scl = 0 
                8770  scl = 1 
                8780  scl = 0 
                8790  scl = 1 
                8800  scl = 0 
                8810  scl = 1 
                8820  scl = 0 
                8830  scl = 1 
                8840  scl = 0 
                8850  scl = 1 
                8860  scl = 0 
                8870  scl = 1 
                8880  scl = 0 
                8890  scl = 1 
                8900  scl = 0 
                8910  scl = 1 
                8920  scl = 0 
                8930  scl = 1 
                8940  scl = 0 
                8950  scl = 1 
                8960  scl = 0 
                8970  scl = 1 
                8980  scl = 0 
                8990  scl = 1 
                9000  scl = 0 
                9010  scl = 1 
                9020  scl = 0 
                9030  scl = 1 
                9040  scl = 0 
                9050  scl = 1 
                9060  scl = 0 
                9070  scl = 1 
                9080  scl = 0 
                9090  scl = 1 
                9100  scl = 0 
                9110  scl = 1 
                9120  scl = 0 
                9130  scl = 1 
                9140  scl = 0 
                9150  scl = 1 
                9160  scl = 0 
                9170  scl = 1 
                9180  scl = 0 
                9190  scl = 1 
                9200  scl = 0 
                9210  scl = 1 
                9220  scl = 0 
                9230  scl = 1 
                9240  scl = 0 
                9250  scl = 1 
                9260  scl = 0 
                9270  scl = 1 
                9280  scl = 0 
                9290  scl = 1 
                9300  scl = 0 
                9310  scl = 1 
                9320  scl = 0 
                9330  scl = 1 
                9340  scl = 0 
                9350  scl = 1 
                9360  scl = 0 
                9370  scl = 1 
                9380  scl = 0 
                9390  scl = 1 
                9400  scl = 0 
                9410  scl = 1 
                9420  scl = 0 
                9430  scl = 1 
                9440  scl = 0 
                9450  scl = 1 
                9460  scl = 0 
                9470  scl = 1 
                9480  scl = 0 
                9490  scl = 1 
                9500  scl = 0 
                9510  scl = 1 
                9520  scl = 0 
                9530  scl = 1 
                9540  scl = 0 
                9550  scl = 1 
                9560  scl = 0 
                9570  scl = 1 
                9580  scl = 0 
                9590  scl = 1 
                9600  scl = 0 
                9610  scl = 1 
                9620  scl = 0 
                9630  scl = 1 
                9640  scl = 0 
                9650  scl = 1 
                9660  scl = 0 
                9670  scl = 1 
                9680  scl = 0 
                9690  scl = 1 
                9700  scl = 0 
                9710  scl = 1 
                9720  scl = 0 
                9730  scl = 1 
                9740  scl = 0 
                9750  scl = 1 
                9760  scl = 0 
                9770  scl = 1 
                9780  scl = 0 
                9790  scl = 1 
                9800  scl = 0 
                9810  scl = 1 
                9820  scl = 0 
                9830  scl = 1 
                9840  scl = 0 
                9850  scl = 1 
                9860  scl = 0 
                9870  scl = 1 
                9880  scl = 0 
                9890  scl = 1 
                9900  scl = 0 
                9910  scl = 1 
                9920  scl = 0 
                9930  scl = 1 
                9940  scl = 0 
                9950  scl = 1 
                9960  scl = 0 
                9970  scl = 1 
                9980  scl = 0 
                9990  scl = 1 
Simulation complete via $finish(1) at time 10 US + 0
./i2c_sim.v:33    #10000 $finish;
ncsim> exit
TOOL:	ncverilog	15.20-s020: Exiting on Aug 17, 2019 at 13:32:07 JST  (total: 00:00:05)
